2018-07-04 16:57:44 INFO  VerifyInternetConnection:29 - INTERNET connection is AVAILABLE. Socket responded in 0.039 seconds.
2018-07-04 16:57:49 INFO  TestUnderIEbrowser:96 - IE11 browser was detected on this box.
2018-07-04 16:57:49 INFO  TestUnderIEbrowser:110 - Other detected browser & version: internet explorer 11
2018-07-04 16:57:50 INFO  Waitings:40 - TOTAL TIME that LOGIN page was loading: 1.251 seconds.
2018-07-04 16:57:51 INFO  ComparingWebElements:27 - CURRENT number of web-elements on LOGIN page (from dynamically created list): 216
2018-07-04 16:57:55 INFO  ComparingWebElements:56 - ORIGINAL number of web-elements on LOGIN page (from file): 190
2018-07-04 16:57:55 WARN  ComparingWebElements:80 - Number of web elements on LOGIN page is not the same as in previous versions: expected [216] but found [190]
2018-07-04 16:57:55 ERROR WebElementScreenshot:81 - Unable to run 'captureWebElementScreenshot' method: Unable to find element with xpath == //div[@id='ext-gen1058'] (WARNING: The server did not provide any stacktrace information)
Command duration or timeout: 270 milliseconds
For documentation on this error, please visit: http://seleniumhq.org/exceptions/no_such_element.html
Build info: version: '3.4.0', revision: 'unknown', time: 'unknown'
System info: host: 'TRIDENT', ip: '192.168.0.102', os.name: 'Windows 7', os.arch: 'amd64', os.version: '6.1', java.version: '1.8.0_161'
Driver info: org.openqa.selenium.ie.InternetExplorerDriver
Capabilities [{se:ieOptions={browserAttachTimeout=0.0, ie.enableFullPageScreenshot=true, enablePersistentHover=false, ie.forceCreateProcessApi=false, ie.forceShellWindowsApi=false, ignoreZoomSetting=false, ie.fileUploadDialogTimeout=3000.0, ie.useLegacyFileUploadDialogHandling=false, nativeEvents=true, ie.ensureCleanSession=true, elementScrollBehavior=0.0, ie.browserCommandLineSwitches=, requireWindowFocus=false, initialBrowserUrl=http://ccxdemo.softprise.net, ignoreProtectedModeSettings=true, enableElementCacheCleanup=true}, browserName=internet explorer, pageLoadStrategy=normal, javascriptEnabled=true, version=11, platform=WINDOWS, unexpectedAlertBehaviour=dismiss}]
Session ID: f94dfbc5-5b2c-4040-9f3c-65b4b837302c
*** Element info: {Using=xpath, value=//div[@id='ext-gen1058']}
2018-07-04 16:57:55 ERROR CreateNewTenderTest:141 - Unable to run the 'compareWebElementsOnLoginPage' method: Can't read input file!
2018-07-04 16:57:59 INFO  Waitings:181 - TOTAL TIME that ALL TENDERS page was loading: 2.389 seconds.
2018-07-04 16:58:01 INFO  Waitings:181 - TOTAL TIME that SHIPPER's GRID page was loading: 1.74 seconds.
2018-07-04 16:58:01 INFO  ComparingWebElements:27 - CURRENT number of web-elements on ALL TENDERS page (from dynamically created list): 187
2018-07-04 16:58:05 INFO  ComparingWebElements:56 - ORIGINAL number of web-elements on ALL TENDERS page (from file): 163
2018-07-04 16:58:05 WARN  ComparingWebElements:80 - Number of web elements on ALL TENDERS page is not the same as in previous versions: expected [187] but found [163]
2018-07-04 16:58:05 INFO  WebElementScreenshot:73 - ALL TENDERS window screenshot was made. 
2018-07-04 16:58:05 INFO  ComparingScreenshots:47 - Baseline screenshot and actual screenshot have the SAME resolution: 979 X 1920
2018-07-04 16:58:06 WARN  ComparingScreenshots:91 - Total No of pixels : 1879680	 Non-Similarity is : 12.03%
2018-07-04 16:58:08 INFO  Waitings:67 - TOTAL TIME that the STEP #1 - BASIC INFORMATION page was loading: 0.769 seconds.
2018-07-04 16:58:08 INFO  ComparingWebElements:96 - CURRENT number of web-elements on STEP1_BASIC_INFORMATION page (from dynamically created list): 469
2018-07-04 16:58:18 INFO  ComparingWebElements:126 - ORIGINAL number of web-elements on STEP1_BASIC_INFORMATION page (from file): 469
2018-07-04 16:58:18 INFO  WebElementScreenshot:73 - Step1_BasicInformation window screenshot was made. 
2018-07-04 16:58:18 INFO  ComparingScreenshots:47 - Baseline screenshot and actual screenshot have the SAME resolution: 500 X 980
2018-07-04 16:58:18 WARN  ComparingScreenshots:91 - Total No of pixels : 490000	 Non-Similarity is : 3.9%
2018-07-04 16:58:23 INFO  CreateNewTenderTest:460 - 12 HOURS AM/PM TIME FORMAT DETECTED in the time picker: 9:00 am
2018-07-04 16:58:35 INFO  Waitings:211 - TOTAL TIME that STEP #2 - TENDER SETTINGS was loading: 1.307 seconds.
2018-07-04 16:58:35 INFO  ComparingWebElements:96 - CURRENT number of web-elements on STEP2_TENDER_SETTINGS page (from dynamically created list): 370
2018-07-04 16:58:43 INFO  ComparingWebElements:126 - ORIGINAL number of web-elements on STEP2_TENDER_SETTINGS page (from file): 370
2018-07-04 16:58:43 INFO  WebElementScreenshot:73 - Step2_TenderSettings window screenshot was made. 
2018-07-04 16:58:43 INFO  ComparingScreenshots:47 - Baseline screenshot and actual screenshot have the SAME resolution: 500 X 980
2018-07-04 16:58:43 WARN  ComparingScreenshots:91 - Total No of pixels : 490000	 Non-Similarity is : 3.94%
2018-07-04 16:59:18 INFO  Waitings:211 - TOTAL TIME that STEP #3 - FREIGHT was loading: 0.925 seconds.
2018-07-04 16:59:19 INFO  ComparingWebElements:96 - CURRENT number of web-elements on STEP3_FREIGHT page (from dynamically created list): 233
2018-07-04 16:59:23 INFO  ComparingWebElements:126 - ORIGINAL number of web-elements on STEP3_FREIGHT page (from file): 233
2018-07-04 16:59:24 INFO  WebElementScreenshot:73 - Step3_Freight window screenshot was made. 
2018-07-04 16:59:24 INFO  ComparingScreenshots:47 - Baseline screenshot and actual screenshot have the SAME resolution: 500 X 980
2018-07-04 16:59:24 WARN  ComparingScreenshots:91 - Total No of pixels : 490000	 Non-Similarity is : 3.94%
2018-07-04 16:59:26 INFO  Waitings:211 - TOTAL TIME that STEP #4 - TRANSPORT was loading: 1.127 seconds.
2018-07-04 16:59:28 INFO  ComparingWebElements:96 - CURRENT number of web-elements on STEP4_TRANSPORT - ROAD page (from dynamically created list): 219
2018-07-04 16:59:32 INFO  ComparingWebElements:126 - ORIGINAL number of web-elements on STEP4_TRANSPORT - ROAD page (from file): 219
2018-07-04 16:59:32 INFO  WebElementScreenshot:73 - Step4_Transport_ROAD window screenshot was made. 
2018-07-04 16:59:32 INFO  ComparingScreenshots:47 - Baseline screenshot and actual screenshot have the SAME resolution: 500 X 980
2018-07-04 16:59:32 WARN  ComparingScreenshots:91 - Total No of pixels : 490000	 Non-Similarity is : 3.94%
2018-07-04 16:59:39 INFO  Waitings:211 - TOTAL TIME that STEP #4 - TRANSPORT - RAILROAD was loading: 0.069 seconds.
2018-07-04 16:59:41 INFO  ComparingWebElements:96 - CURRENT number of web-elements on STEP4_TRANSPORT - RAILROAD page (from dynamically created list): 336
2018-07-04 16:59:47 INFO  ComparingWebElements:126 - ORIGINAL number of web-elements on STEP4_TRANSPORT - RAILROAD page (from file): 336
2018-07-04 16:59:48 INFO  WebElementScreenshot:73 - Step4_Transport_RAILROAD window screenshot was made. 
2018-07-04 16:59:48 INFO  ComparingScreenshots:47 - Baseline screenshot and actual screenshot have the SAME resolution: 500 X 980
2018-07-04 16:59:48 WARN  ComparingScreenshots:91 - Total No of pixels : 490000	 Non-Similarity is : 3.94%
2018-07-04 16:59:52 INFO  Waitings:211 - TOTAL TIME that STEP #4 - TRANSPORT - INLAND WATER was loading: 0.059 seconds.
2018-07-04 16:59:53 INFO  ComparingWebElements:96 - CURRENT number of web-elements on STEP4_TRANSPORT - INLAND WATER page (from dynamically created list): 466
2018-07-04 17:00:03 INFO  ComparingWebElements:126 - ORIGINAL number of web-elements on STEP4_TRANSPORT - INLAND WATER page (from file): 466
2018-07-04 17:00:03 INFO  WebElementScreenshot:73 - Step4_Transport_INLAND_WATER window screenshot was made. 
2018-07-04 17:00:03 INFO  ComparingScreenshots:47 - Baseline screenshot and actual screenshot have the SAME resolution: 500 X 980
2018-07-04 17:00:03 WARN  ComparingScreenshots:91 - Total No of pixels : 490000	 Non-Similarity is : 3.94%
2018-07-04 17:00:06 INFO  Waitings:211 - TOTAL TIME that STEP #4 - TRANSPORT - SHORT SEA was loading: 0.069 seconds.
2018-07-04 17:00:07 INFO  ComparingWebElements:96 - CURRENT number of web-elements on STEP4_TRANSPORT - SHORT SEA page (from dynamically created list): 466
2018-07-04 17:00:17 INFO  ComparingWebElements:126 - ORIGINAL number of web-elements on STEP4_TRANSPORT - SHORT SEA page (from file): 466
2018-07-04 17:00:17 INFO  WebElementScreenshot:73 - Step4_Transport_SHORT_SEA window screenshot was made. 
2018-07-04 17:00:17 INFO  ComparingScreenshots:47 - Baseline screenshot and actual screenshot have the SAME resolution: 500 X 980
2018-07-04 17:00:17 WARN  ComparingScreenshots:91 - Total No of pixels : 490000	 Non-Similarity is : 3.94%
2018-07-04 17:00:20 INFO  Waitings:211 - TOTAL TIME that STEP #4 - TRANSPORT - SEA was loading: 0.059 seconds.
2018-07-04 17:00:22 INFO  ComparingWebElements:96 - CURRENT number of web-elements on STEP4_TRANSPORT - SEA page (from dynamically created list): 526
2018-07-04 17:00:33 INFO  ComparingWebElements:126 - ORIGINAL number of web-elements on STEP4_TRANSPORT - SEA page (from file): 526
2018-07-04 17:00:33 INFO  WebElementScreenshot:73 - Step4_Transport_SEA window screenshot was made. 
2018-07-04 17:00:33 INFO  ComparingScreenshots:47 - Baseline screenshot and actual screenshot have the SAME resolution: 500 X 980
2018-07-04 17:00:33 WARN  ComparingScreenshots:91 - Total No of pixels : 490000	 Non-Similarity is : 3.94%
2018-07-04 17:00:36 INFO  Waitings:211 - TOTAL TIME that STEP #4 - TRANSPORT - AIR was loading: 0.059 seconds.
2018-07-04 17:00:37 INFO  ComparingWebElements:96 - CURRENT number of web-elements on STEP4_TRANSPORT - AIR page (from dynamically created list): 70
2018-07-04 17:00:39 INFO  ComparingWebElements:126 - ORIGINAL number of web-elements on STEP4_TRANSPORT - AIR page (from file): 70
2018-07-04 17:00:39 INFO  WebElementScreenshot:73 - Step4_Transport_AIR window screenshot was made. 
2018-07-04 17:00:39 INFO  ComparingScreenshots:47 - Baseline screenshot and actual screenshot have the SAME resolution: 500 X 980
2018-07-04 17:00:39 WARN  ComparingScreenshots:91 - Total No of pixels : 490000	 Non-Similarity is : 3.94%
2018-07-04 17:00:40 INFO  Waitings:211 - TOTAL TIME that STEP #4 - TRANSPORT - WAREHOUSING was loading: 0.07 seconds.
2018-07-04 17:00:41 INFO  ComparingWebElements:96 - CURRENT number of web-elements on STEP4_TRANSPORT - WAREHOUSING page (from dynamically created list): 158
2018-07-04 17:00:44 INFO  ComparingWebElements:126 - ORIGINAL number of web-elements on STEP4_TRANSPORT - WAREHOUSING page (from file): 158
2018-07-04 17:00:45 INFO  WebElementScreenshot:73 - Step4_Transport_WAREHOUSING window screenshot was made. 
2018-07-04 17:00:45 INFO  ComparingScreenshots:47 - Baseline screenshot and actual screenshot have the SAME resolution: 500 X 980
2018-07-04 17:00:45 WARN  ComparingScreenshots:91 - Total No of pixels : 490000	 Non-Similarity is : 3.94%
2018-07-04 17:01:16 INFO  Waitings:211 - TOTAL TIME that STEP #4 - TRANSPORT - PARCEL was loading: 0.059 seconds.
2018-07-04 17:01:17 INFO  ComparingWebElements:96 - CURRENT number of web-elements on STEP4_TRANSPORT - PARCEL page (from dynamically created list): 14
2018-07-04 17:01:18 INFO  ComparingWebElements:126 - ORIGINAL number of web-elements on STEP4_TRANSPORT - PARCEL page (from file): 14
2018-07-04 17:01:18 INFO  WebElementScreenshot:73 - Step4_Transport_PARCEL window screenshot was made. 
2018-07-04 17:01:18 INFO  ComparingScreenshots:47 - Baseline screenshot and actual screenshot have the SAME resolution: 500 X 980
2018-07-04 17:01:18 WARN  ComparingScreenshots:91 - Total No of pixels : 490000	 Non-Similarity is : 3.94%
2018-07-04 17:01:32 INFO  Waitings:97 - TOTAL TIME that the STEP #5 - BIDDING MATRIX page was loading: 12.622 seconds.
2018-07-04 17:01:32 INFO  ComparingWebElements:96 - CURRENT number of web-elements on STEP5_BIDDING_MATRIX page (from dynamically created list): 15
2018-07-04 17:01:33 INFO  ComparingWebElements:126 - ORIGINAL number of web-elements on STEP5_BIDDING_MATRIX page (from file): 14
2018-07-04 17:01:33 WARN  ComparingWebElements:150 - Number of web elements on STEP5_BIDDING_MATRIX page is not the same as in previous versions: expected [15] but found [14]
2018-07-04 17:01:34 INFO  WebElementScreenshot:73 - Step5_BIDDING_MATRIX window screenshot was made. 
2018-07-04 17:01:34 INFO  ComparingScreenshots:47 - Baseline screenshot and actual screenshot have the SAME resolution: 979 X 1920
2018-07-04 17:01:35 WARN  ComparingScreenshots:91 - Total No of pixels : 1879680	 Non-Similarity is : 6.94%
2018-07-04 17:01:45 INFO  Waitings:97 - TOTAL TIME that the STEP #5 - BIDDING MATRIX Grid page was loading: 10.282 seconds.
2018-07-04 17:01:53 INFO  WebElementScreenshot:73 - Step5_BIDDING_MATRIX_Grid window screenshot was made. 
2018-07-04 17:01:53 INFO  ComparingScreenshots:47 - Baseline screenshot and actual screenshot have the SAME resolution: 918 X 1728
2018-07-04 17:01:54 WARN  ComparingScreenshots:91 - Total No of pixels : 1586304	 Non-Similarity is : 13.77%
2018-07-04 17:01:55 INFO  Waitings:67 - TOTAL TIME that the STEP #6 - SERVICE PROVIDERS page was loading: 1.465 seconds.
2018-07-04 17:01:56 ERROR CreateNewTenderTest:2561 - Unable to run the 'insertingScreenshotLinksIntoLoggerHTMLfile' method for LOGIN page: D:\GIT\SeleniumTestAutomation_Practice\CreatingNewTender\src\main\resources\current_images\Login_Current_FullSize.png
