2018-08-15 10:21:13 INFO  VerifyInternetConnection:29 - INTERNET connection is AVAILABLE. Socket responded in 0.032 seconds.
2018-08-15 10:21:55 INFO  TestUnderIEbrowser:96 - IE11 browser was detected on this box.
2018-08-15 10:21:55 INFO  TestUnderIEbrowser:110 - Other detected browser & version: internet explorer 11
2018-08-15 10:21:55 INFO  Waitings:40 - TOTAL TIME that LOGIN page was loading: 0.012 seconds.
2018-08-15 10:21:55 INFO  ComparingWebElements:27 - CURRENT number of web-elements on LOGIN page (from dynamically created list): 216
2018-08-15 10:22:00 INFO  ComparingWebElements:56 - ORIGINAL number of web-elements on LOGIN page (from file): 190
2018-08-15 10:22:00 WARN  ComparingWebElements:80 - Number of web elements on LOGIN page is not the same as in previous versions: expected [216] but found [190]
2018-08-15 10:22:00 ERROR WebElementScreenshot:81 - Unable to run 'captureWebElementScreenshot' method: Unable to find element with xpath == //div[@id='ext-gen1058'] (WARNING: The server did not provide any stacktrace information)
Command duration or timeout: 270 milliseconds
For documentation on this error, please visit: http://seleniumhq.org/exceptions/no_such_element.html
Build info: version: '3.4.0', revision: 'unknown', time: 'unknown'
System info: host: 'TRIDENT', ip: '192.168.0.104', os.name: 'Windows 7', os.arch: 'amd64', os.version: '6.1', java.version: '1.8.0_161'
Driver info: org.openqa.selenium.ie.InternetExplorerDriver
Capabilities [{se:ieOptions={browserAttachTimeout=0.0, ie.enableFullPageScreenshot=true, enablePersistentHover=false, ie.forceCreateProcessApi=false, ie.forceShellWindowsApi=false, ignoreZoomSetting=false, ie.fileUploadDialogTimeout=3000.0, ie.useLegacyFileUploadDialogHandling=false, nativeEvents=true, ie.ensureCleanSession=true, elementScrollBehavior=0.0, ie.browserCommandLineSwitches=, requireWindowFocus=false, initialBrowserUrl=http://ccxdemo.softprise.net, ignoreProtectedModeSettings=true, enableElementCacheCleanup=true}, browserName=internet explorer, pageLoadStrategy=normal, javascriptEnabled=true, version=11, platform=WINDOWS, unexpectedAlertBehaviour=dismiss}]
Session ID: 6060c23a-b9cd-4013-aae3-b42017fc4871
*** Element info: {Using=xpath, value=//div[@id='ext-gen1058']}
2018-08-15 10:22:01 ERROR CreateNewTenderTest:141 - Unable to run the 'compareWebElementsOnLoginPage' method: Can't read input file!
2018-08-15 10:22:04 INFO  Waitings:181 - TOTAL TIME that ALL TENDERS page was loading: 2.705 seconds.
2018-08-15 10:22:06 INFO  Waitings:181 - TOTAL TIME that SHIPPER's GRID page was loading: 1.757 seconds.
2018-08-15 10:22:07 INFO  ComparingWebElements:27 - CURRENT number of web-elements on ALL TENDERS page (from dynamically created list): 187
2018-08-15 10:22:10 INFO  ComparingWebElements:56 - ORIGINAL number of web-elements on ALL TENDERS page (from file): 163
2018-08-15 10:22:10 WARN  ComparingWebElements:80 - Number of web elements on ALL TENDERS page is not the same as in previous versions: expected [187] but found [163]
2018-08-15 10:22:11 INFO  WebElementScreenshot:73 - ALL TENDERS window screenshot was made. 
2018-08-15 10:22:11 INFO  ComparingScreenshots:47 - Baseline screenshot and actual screenshot have the SAME resolution: 979 X 1920
2018-08-15 10:22:12 WARN  ComparingScreenshots:91 - Total No of pixels : 1879680	 Non-Similarity is : 12.63%
2018-08-15 10:22:14 INFO  Waitings:67 - TOTAL TIME that the STEP #1 - BASIC INFORMATION page was loading: 1.034 seconds.
2018-08-15 10:22:15 INFO  ComparingWebElements:96 - CURRENT number of web-elements on STEP1_BASIC_INFORMATION page (from dynamically created list): 469
2018-08-15 10:22:24 INFO  ComparingWebElements:126 - ORIGINAL number of web-elements on STEP1_BASIC_INFORMATION page (from file): 469
2018-08-15 10:22:24 INFO  WebElementScreenshot:73 - Step1_BasicInformation window screenshot was made. 
2018-08-15 10:22:24 INFO  ComparingScreenshots:47 - Baseline screenshot and actual screenshot have the SAME resolution: 500 X 980
2018-08-15 10:22:24 WARN  ComparingScreenshots:91 - Total No of pixels : 490000	 Non-Similarity is : 3.88%
2018-08-15 10:22:29 INFO  CreateNewTenderTest:460 - 12 HOURS AM/PM TIME FORMAT DETECTED in the time picker: 9:00 am
2018-08-15 10:22:40 INFO  Waitings:211 - TOTAL TIME that STEP #2 - TENDER SETTINGS was loading: 1.283 seconds.
2018-08-15 10:22:40 INFO  ComparingWebElements:96 - CURRENT number of web-elements on STEP2_TENDER_SETTINGS page (from dynamically created list): 370
2018-08-15 10:22:48 INFO  ComparingWebElements:126 - ORIGINAL number of web-elements on STEP2_TENDER_SETTINGS page (from file): 370
2018-08-15 10:22:48 INFO  WebElementScreenshot:73 - Step2_TenderSettings window screenshot was made. 
2018-08-15 10:22:48 INFO  ComparingScreenshots:47 - Baseline screenshot and actual screenshot have the SAME resolution: 500 X 980
2018-08-15 10:22:48 WARN  ComparingScreenshots:91 - Total No of pixels : 490000	 Non-Similarity is : 3.94%
2018-08-15 10:23:23 INFO  Waitings:211 - TOTAL TIME that STEP #3 - FREIGHT was loading: 0.915 seconds.
2018-08-15 10:23:23 INFO  ComparingWebElements:96 - CURRENT number of web-elements on STEP3_FREIGHT page (from dynamically created list): 233
2018-08-15 10:23:28 INFO  ComparingWebElements:126 - ORIGINAL number of web-elements on STEP3_FREIGHT page (from file): 233
2018-08-15 10:23:28 INFO  WebElementScreenshot:73 - Step3_Freight window screenshot was made. 
2018-08-15 10:23:28 INFO  ComparingScreenshots:47 - Baseline screenshot and actual screenshot have the SAME resolution: 500 X 980
2018-08-15 10:23:28 WARN  ComparingScreenshots:91 - Total No of pixels : 490000	 Non-Similarity is : 3.95%
2018-08-15 10:23:31 INFO  Waitings:211 - TOTAL TIME that STEP #4 - TRANSPORT was loading: 1.285 seconds.
2018-08-15 10:23:32 INFO  ComparingWebElements:96 - CURRENT number of web-elements on STEP4_TRANSPORT - ROAD page (from dynamically created list): 219
2018-08-15 10:23:37 INFO  ComparingWebElements:126 - ORIGINAL number of web-elements on STEP4_TRANSPORT - ROAD page (from file): 219
2018-08-15 10:23:37 INFO  WebElementScreenshot:73 - Step4_Transport_ROAD window screenshot was made. 
2018-08-15 10:23:37 INFO  ComparingScreenshots:47 - Baseline screenshot and actual screenshot have the SAME resolution: 500 X 980
2018-08-15 10:23:37 WARN  ComparingScreenshots:91 - Total No of pixels : 490000	 Non-Similarity is : 3.94%
2018-08-15 10:23:44 INFO  Waitings:211 - TOTAL TIME that STEP #4 - TRANSPORT - RAILROAD was loading: 0.059 seconds.
2018-08-15 10:23:45 INFO  ComparingWebElements:96 - CURRENT number of web-elements on STEP4_TRANSPORT - RAILROAD page (from dynamically created list): 336
2018-08-15 10:23:52 INFO  ComparingWebElements:126 - ORIGINAL number of web-elements on STEP4_TRANSPORT - RAILROAD page (from file): 336
2018-08-15 10:23:52 INFO  WebElementScreenshot:73 - Step4_Transport_RAILROAD window screenshot was made. 
2018-08-15 10:23:52 INFO  ComparingScreenshots:47 - Baseline screenshot and actual screenshot have the SAME resolution: 500 X 980
2018-08-15 10:23:52 WARN  ComparingScreenshots:91 - Total No of pixels : 490000	 Non-Similarity is : 3.91%
2018-08-15 10:23:56 INFO  Waitings:211 - TOTAL TIME that STEP #4 - TRANSPORT - INLAND WATER was loading: 0.059 seconds.
2018-08-15 10:23:58 INFO  ComparingWebElements:96 - CURRENT number of web-elements on STEP4_TRANSPORT - INLAND WATER page (from dynamically created list): 466
2018-08-15 10:24:07 INFO  ComparingWebElements:126 - ORIGINAL number of web-elements on STEP4_TRANSPORT - INLAND WATER page (from file): 466
2018-08-15 10:24:07 INFO  WebElementScreenshot:73 - Step4_Transport_INLAND_WATER window screenshot was made. 
2018-08-15 10:24:08 INFO  ComparingScreenshots:47 - Baseline screenshot and actual screenshot have the SAME resolution: 500 X 980
2018-08-15 10:24:08 WARN  ComparingScreenshots:91 - Total No of pixels : 490000	 Non-Similarity is : 3.91%
2018-08-15 10:24:10 INFO  Waitings:211 - TOTAL TIME that STEP #4 - TRANSPORT - SHORT SEA was loading: 0.061 seconds.
2018-08-15 10:24:11 INFO  ComparingWebElements:96 - CURRENT number of web-elements on STEP4_TRANSPORT - SHORT SEA page (from dynamically created list): 466
2018-08-15 10:24:21 INFO  ComparingWebElements:126 - ORIGINAL number of web-elements on STEP4_TRANSPORT - SHORT SEA page (from file): 466
2018-08-15 10:24:21 INFO  WebElementScreenshot:73 - Step4_Transport_SHORT_SEA window screenshot was made. 
2018-08-15 10:24:21 INFO  ComparingScreenshots:47 - Baseline screenshot and actual screenshot have the SAME resolution: 500 X 980
2018-08-15 10:24:21 WARN  ComparingScreenshots:91 - Total No of pixels : 490000	 Non-Similarity is : 3.91%
2018-08-15 10:24:23 INFO  Waitings:211 - TOTAL TIME that STEP #4 - TRANSPORT - SEA was loading: 0.059 seconds.
2018-08-15 10:24:25 INFO  ComparingWebElements:96 - CURRENT number of web-elements on STEP4_TRANSPORT - SEA page (from dynamically created list): 526
2018-08-15 10:24:36 INFO  ComparingWebElements:126 - ORIGINAL number of web-elements on STEP4_TRANSPORT - SEA page (from file): 526
2018-08-15 10:24:36 INFO  WebElementScreenshot:73 - Step4_Transport_SEA window screenshot was made. 
2018-08-15 10:24:36 INFO  ComparingScreenshots:47 - Baseline screenshot and actual screenshot have the SAME resolution: 500 X 980
2018-08-15 10:24:36 WARN  ComparingScreenshots:91 - Total No of pixels : 490000	 Non-Similarity is : 3.91%
2018-08-15 10:24:38 INFO  Waitings:211 - TOTAL TIME that STEP #4 - TRANSPORT - AIR was loading: 0.059 seconds.
2018-08-15 10:24:39 INFO  ComparingWebElements:96 - CURRENT number of web-elements on STEP4_TRANSPORT - AIR page (from dynamically created list): 70
2018-08-15 10:24:41 INFO  ComparingWebElements:126 - ORIGINAL number of web-elements on STEP4_TRANSPORT - AIR page (from file): 70
2018-08-15 10:24:41 INFO  WebElementScreenshot:73 - Step4_Transport_AIR window screenshot was made. 
2018-08-15 10:24:41 INFO  ComparingScreenshots:47 - Baseline screenshot and actual screenshot have the SAME resolution: 500 X 980
2018-08-15 10:24:41 WARN  ComparingScreenshots:91 - Total No of pixels : 490000	 Non-Similarity is : 3.91%
2018-08-15 10:24:42 INFO  Waitings:211 - TOTAL TIME that STEP #4 - TRANSPORT - WAREHOUSING was loading: 0.082 seconds.
2018-08-15 10:24:43 INFO  ComparingWebElements:96 - CURRENT number of web-elements on STEP4_TRANSPORT - WAREHOUSING page (from dynamically created list): 158
2018-08-15 10:24:47 INFO  ComparingWebElements:126 - ORIGINAL number of web-elements on STEP4_TRANSPORT - WAREHOUSING page (from file): 158
2018-08-15 10:24:47 INFO  WebElementScreenshot:73 - Step4_Transport_WAREHOUSING window screenshot was made. 
2018-08-15 10:24:47 INFO  ComparingScreenshots:47 - Baseline screenshot and actual screenshot have the SAME resolution: 500 X 980
2018-08-15 10:24:47 WARN  ComparingScreenshots:91 - Total No of pixels : 490000	 Non-Similarity is : 3.91%
2018-08-15 10:25:17 INFO  Waitings:211 - TOTAL TIME that STEP #4 - TRANSPORT - PARCEL was loading: 0.059 seconds.
2018-08-15 10:25:19 INFO  ComparingWebElements:96 - CURRENT number of web-elements on STEP4_TRANSPORT - PARCEL page (from dynamically created list): 14
2018-08-15 10:25:19 INFO  ComparingWebElements:126 - ORIGINAL number of web-elements on STEP4_TRANSPORT - PARCEL page (from file): 14
2018-08-15 10:25:19 INFO  WebElementScreenshot:73 - Step4_Transport_PARCEL window screenshot was made. 
2018-08-15 10:25:19 INFO  ComparingScreenshots:47 - Baseline screenshot and actual screenshot have the SAME resolution: 500 X 980
2018-08-15 10:25:19 WARN  ComparingScreenshots:91 - Total No of pixels : 490000	 Non-Similarity is : 3.91%
2018-08-15 10:25:33 INFO  Waitings:97 - TOTAL TIME that the STEP #5 - BIDDING MATRIX page was loading: 12.964 seconds.
2018-08-15 10:25:34 INFO  ComparingWebElements:96 - CURRENT number of web-elements on STEP5_BIDDING_MATRIX page (from dynamically created list): 15
2018-08-15 10:25:34 INFO  ComparingWebElements:126 - ORIGINAL number of web-elements on STEP5_BIDDING_MATRIX page (from file): 14
2018-08-15 10:25:34 WARN  ComparingWebElements:150 - Number of web elements on STEP5_BIDDING_MATRIX page is not the same as in previous versions: expected [15] but found [14]
2018-08-15 10:25:36 INFO  WebElementScreenshot:73 - Step5_BIDDING_MATRIX window screenshot was made. 
2018-08-15 10:25:36 INFO  ComparingScreenshots:47 - Baseline screenshot and actual screenshot have the SAME resolution: 979 X 1920
2018-08-15 10:25:36 WARN  ComparingScreenshots:91 - Total No of pixels : 1879680	 Non-Similarity is : 6.93%
2018-08-15 10:25:47 INFO  Waitings:97 - TOTAL TIME that the STEP #5 - BIDDING MATRIX Grid page was loading: 10.34 seconds.
2018-08-15 10:25:55 INFO  WebElementScreenshot:73 - Step5_BIDDING_MATRIX_Grid window screenshot was made. 
2018-08-15 10:25:55 INFO  ComparingScreenshots:47 - Baseline screenshot and actual screenshot have the SAME resolution: 918 X 1728
2018-08-15 10:25:56 WARN  ComparingScreenshots:91 - Total No of pixels : 1586304	 Non-Similarity is : 13.77%
2018-08-15 10:25:57 INFO  Waitings:67 - TOTAL TIME that the STEP #6 - SERVICE PROVIDERS page was loading: 1.72 seconds.
2018-08-15 10:25:58 ERROR CreateNewTenderTest:2561 - Unable to run the 'insertingScreenshotLinksIntoLoggerHTMLfile' method for LOGIN page: D:\GIT\SeleniumTestAutomation_Practice\CreatingNewTender\src\main\resources\current_images\Login_Current_FullSize.png
